# JRE version: Java(TM) SE Runtime Environment (7.0_79-b15) (build 1.7.0_79-b15)
# Java VM: Java HotSpot(TM) 64-Bit Server VM (24.79-b02 mixed mode windows-amd64 compressed oops)
Heap
 PSYoungGen      total 459776K, used 300270K [0x00000007d5e80000, 0x0000000800000000, 0x0000000800000000)
  eden space 229888K, 74% used [0x00000007d5e80000,0x00000007e052e670,0x00000007e3f00000)
  from space 229888K, 56% used [0x00000007f1f80000,0x00000007f9e0d528,0x0000000800000000)
  to   space 229888K, 0% used [0x00000007e3f00000,0x00000007e3f00000,0x00000007f1f80000)
 ParOldGen       total 751104K, used 545089K [0x0000000781c00000, 0x00000007af980000, 0x00000007d5e80000)
  object space 751104K, 72% used [0x0000000781c00000,0x00000007a3050538,0x00000007af980000)
 PSPermGen       total 21504K, used 10242K [0x000000077ca00000, 0x000000077df00000, 0x0000000781c00000)
  object space 21504K, 47% used [0x000000077ca00000,0x000000077d400948,0x000000077df00000)
GC Heap History (10 events):
Event: 8.836 GC heap before
{Heap before GC invocations=26 (full 3):
 PSYoungGen      total 454656K, used 400384K [0x00000007d5e80000, 0x0000000800000000, 0x0000000800000000)
  eden space 235008K, 100% used [0x00000007d5e80000,0x00000007e4400000,0x00000007e4400000)
  from space 219648K, 75% used [0x00000007f2980000,0x00000007fcb00060,0x0000000800000000)
  to   space 227328K, 0% used [0x00000007e4400000,0x00000007e4400000,0x00000007f2200000)
 ParOldGen       total 493056K, used 413710K [0x0000000781c00000, 0x000000079fd80000, 0x00000007d5e80000)
  object space 493056K, 83% used [0x0000000781c00000,0x000000079b003990,0x000000079fd80000)
 PSPermGen       total 21504K, used 8328K [0x000000077ca00000, 0x000000077df00000, 0x0000000781c00000)
  object space 21504K, 38% used [0x000000077ca00000,0x000000077d222018,0x000000077df00000)
Event: 8.894 GC heap after
Heap after GC invocations=26 (full 3):
 PSYoungGen      total 425984K, used 190640K [0x00000007d5e80000, 0x0000000800000000, 0x0000000800000000)
  eden space 235008K, 0% used [0x00000007d5e80000,0x00000007d5e80000,0x00000007e4400000)
  from space 190976K, 99% used [0x00000007e4400000,0x00000007efe2c070,0x00000007efe80000)
  to   space 229888K, 0% used [0x00000007f1f80000,0x00000007f1f80000,0x0000000800000000)
 ParOldGen       total 493056K, used 413710K [0x0000000781c00000, 0x000000079fd80000, 0x00000007d5e80000)
  object space 493056K, 83% used [0x0000000781c00000,0x000000079b003990,0x000000079fd80000)
 PSPermGen       total 21504K, used 8328K [0x000000077ca00000, 0x000000077df00000, 0x0000000781c00000)
  object space 21504K, 38% used [0x000000077ca00000,0x000000077d222018,0x000000077df00000)
}
Event: 9.053 GC heap before
{Heap before GC invocations=27 (full 3):
 PSYoungGen      total 425984K, used 425648K [0x00000007d5e80000, 0x0000000800000000, 0x0000000800000000)
  eden space 235008K, 100% used [0x00000007d5e80000,0x00000007e4400000,0x00000007e4400000)
  from space 190976K, 99% used [0x00000007e4400000,0x00000007efe2c070,0x00000007efe80000)
  to   space 229888K, 0% used [0x00000007f1f80000,0x00000007f1f80000,0x0000000800000000)
 ParOldGen       total 493056K, used 413710K [0x0000000781c00000, 0x000000079fd80000, 0x00000007d5e80000)
  object space 493056K, 83% used [0x0000000781c00000,0x000000079b003990,0x000000079fd80000)
 PSPermGen       total 21504K, used 8328K [0x000000077ca00000, 0x000000077df00000, 0x0000000781c00000)
  object space 21504K, 38% used [0x000000077ca00000,0x000000077d222158,0x000000077df00000)
Event: 9.122 GC heap after
Heap after GC invocations=27 (full 3):
 PSYoungGen      total 459776K, used 181680K [0x00000007d5e80000, 0x0000000800000000, 0x0000000800000000)
  eden space 229888K, 0% used [0x00000007d5e80000,0x00000007d5e80000,0x00000007e3f00000)
  from space 229888K, 79% used [0x00000007f1f80000,0x00000007fd0ec070,0x0000000800000000)
  to   space 229888K, 0% used [0x00000007e3f00000,0x00000007e3f00000,0x00000007f1f80000)
 ParOldGen       total 493056K, used 446806K [0x0000000781c00000, 0x000000079fd80000, 0x00000007d5e80000)
  object space 493056K, 90% used [0x0000000781c00000,0x000000079d0559e0,0x000000079fd80000)
 PSPermGen       total 21504K, used 8328K [0x000000077ca00000, 0x000000077df00000, 0x0000000781c00000)
  object space 21504K, 38% used [0x000000077ca00000,0x000000077d222158,0x000000077df00000)
}
Event: 9.122 GC heap before
{Heap before GC invocations=28 (full 4):
 PSYoungGen      total 459776K, used 181680K [0x00000007d5e80000, 0x0000000800000000, 0x0000000800000000)
  eden space 229888K, 0% used [0x00000007d5e80000,0x00000007d5e80000,0x00000007e3f00000)
  from space 229888K, 79% used [0x00000007f1f80000,0x00000007fd0ec070,0x0000000800000000)
  to   space 229888K, 0% used [0x00000007e3f00000,0x00000007e3f00000,0x00000007f1f80000)
 ParOldGen       total 493056K, used 446806K [0x0000000781c00000, 0x000000079fd80000, 0x00000007d5e80000)
  object space 493056K, 90% used [0x0000000781c00000,0x000000079d0559e0,0x000000079fd80000)
 PSPermGen       total 21504K, used 8328K [0x000000077ca00000, 0x000000077df00000, 0x0000000781c00000)
  object space 21504K, 38% used [0x000000077ca00000,0x000000077d222158,0x000000077df00000)
Event: 11.955 GC heap after
Heap after GC invocations=28 (full 4):
 PSYoungGen      total 459776K, used 134074K [0x00000007d5e80000, 0x0000000800000000, 0x0000000800000000)
  eden space 229888K, 0% used [0x00000007d5e80000,0x00000007d5e80000,0x00000007e3f00000)
  from space 229888K, 58% used [0x00000007f1f80000,0x00000007fa26ea10,0x0000000800000000)
  to   space 229888K, 0% used [0x00000007e3f00000,0x00000007e3f00000,0x00000007f1f80000)
 ParOldGen       total 751104K, used 492645K [0x0000000781c00000, 0x00000007af980000, 0x00000007d5e80000)
  object space 751104K, 65% used [0x0000000781c00000,0x000000079fd19498,0x00000007af980000)
 PSPermGen       total 21504K, used 8327K [0x000000077ca00000, 0x000000077df00000, 0x0000000781c00000)
  object space 21504K, 38% used [0x000000077ca00000,0x000000077d221fd8,0x000000077df00000)
}
Event: 12.401 GC heap before
{Heap before GC invocations=29 (full 4):
 PSYoungGen      total 459776K, used 363962K [0x00000007d5e80000, 0x0000000800000000, 0x0000000800000000)
  eden space 229888K, 100% used [0x00000007d5e80000,0x00000007e3f00000,0x00000007e3f00000)
  from space 229888K, 58% used [0x00000007f1f80000,0x00000007fa26ea10,0x0000000800000000)
  to   space 229888K, 0% used [0x00000007e3f00000,0x00000007e3f00000,0x00000007f1f80000)
 ParOldGen       total 751104K, used 492645K [0x0000000781c00000, 0x00000007af980000, 0x00000007d5e80000)
  object space 751104K, 65% used [0x0000000781c00000,0x000000079fd19498,0x00000007af980000)
 PSPermGen       total 21504K, used 8328K [0x000000077ca00000, 0x000000077df00000, 0x0000000781c00000)
  object space 21504K, 38% used [0x000000077ca00000,0x000000077d222388,0x000000077df00000)
Event: 12.506 GC heap after
Heap after GC invocations=29 (full 4):
 PSYoungGen      total 459776K, used 130896K [0x00000007d5e80000, 0x0000000800000000, 0x0000000800000000)
  eden space 229888K, 0% used [0x00000007d5e80000,0x00000007d5e80000,0x00000007e3f00000)
  from space 229888K, 56% used [0x00000007e3f00000,0x00000007ebed4040,0x00000007f1f80000)
  to   space 229888K, 0% used [0x00000007f1f80000,0x00000007f1f80000,0x0000000800000000)
 ParOldGen       total 751104K, used 520785K [0x0000000781c00000, 0x00000007af980000, 0x00000007d5e80000)
  object space 751104K, 69% used [0x0000000781c00000,0x00000007a18944f8,0x00000007af980000)
 PSPermGen       total 21504K, used 8328K [0x000000077ca00000, 0x000000077df00000, 0x0000000781c00000)
  object space 21504K, 38% used [0x000000077ca00000,0x000000077d222388,0x000000077df00000)
}
Event: 27.208 GC heap before
{Heap before GC invocations=30 (full 4):
 PSYoungGen      total 459776K, used 360784K [0x00000007d5e80000, 0x0000000800000000, 0x0000000800000000)
  eden space 229888K, 100% used [0x00000007d5e80000,0x00000007e3f00000,0x00000007e3f00000)
  from space 229888K, 56% used [0x00000007e3f00000,0x00000007ebed4040,0x00000007f1f80000)
  to   space 229888K, 0% used [0x00000007f1f80000,0x00000007f1f80000,0x0000000800000000)
 ParOldGen       total 751104K, used 520785K [0x0000000781c00000, 0x00000007af980000, 0x00000007d5e80000)
  object space 751104K, 69% used [0x0000000781c00000,0x00000007a18944f8,0x00000007af980000)
 PSPermGen       total 21504K, used 9297K [0x000000077ca00000, 0x000000077df00000, 0x0000000781c00000)
  object space 21504K, 43% used [0x000000077ca00000,0x000000077d314460,0x000000077df00000)
Event: 27.261 GC heap after
Heap after GC invocations=30 (full 4):
 PSYoungGen      total 459776K, used 129589K [0x00000007d5e80000, 0x0000000800000000, 0x0000000800000000)
  eden space 229888K, 0% used [0x00000007d5e80000,0x00000007d5e80000,0x00000007e3f00000)
  from space 229888K, 56% used [0x00000007f1f80000,0x00000007f9e0d528,0x0000000800000000)
  to   space 229888K, 0% used [0x00000007e3f00000,0x00000007e3f00000,0x00000007f1f80000)
 ParOldGen       total 751104K, used 545089K [0x0000000781c00000, 0x00000007af980000, 0x00000007d5e80000)
  object space 751104K, 72% used [0x0000000781c00000,0x00000007a3050538,0x00000007af980000)
 PSPermGen       total 21504K, used 9297K [0x000000077ca00000, 0x000000077df00000, 0x0000000781c00000)
  object space 21504K, 43% used [0x000000077ca00000,0x000000077d314460,0x000000077df00000)
}

