# JRE version: Java(TM) SE Runtime Environment (7.0_79-b15) (build 1.7.0_79-b15)
# Java VM: Java HotSpot(TM) 64-Bit Server VM (24.79-b02 mixed mode windows-amd64 compressed oops)
Heap
 PSYoungGen      total 459776K, used 259193K [0x00000007d5e80000, 0x0000000800000000, 0x0000000800000000)
  eden space 229888K, 54% used [0x00000007d5e80000,0x00000007dd863950,0x00000007e3f00000)
  from space 229888K, 58% used [0x00000007e3f00000,0x00000007ec23aba8,0x00000007f1f80000)
  to   space 229888K, 0% used [0x00000007f1f80000,0x00000007f1f80000,0x0000000800000000)
 ParOldGen       total 744448K, used 544720K [0x0000000781c00000, 0x00000007af300000, 0x00000007d5e80000)
  object space 744448K, 73% used [0x0000000781c00000,0x00000007a2ff4060,0x00000007af300000)
 PSPermGen       total 21504K, used 10209K [0x000000077ca00000, 0x000000077df00000, 0x0000000781c00000)
  object space 21504K, 47% used [0x000000077ca00000,0x000000077d3f8468,0x000000077df00000)
GC Heap History (10 events):
Event: 8.830 GC heap before
{Heap before GC invocations=25 (full 3):
 PSYoungGen      total 432128K, used 431664K [0x00000007d5e80000, 0x0000000800000000, 0x0000000800000000)
  eden space 269824K, 100% used [0x00000007d5e80000,0x00000007e6600000,0x00000007e6600000)
  from space 162304K, 99% used [0x00000007e6600000,0x00000007f040c070,0x00000007f0480000)
  to   space 219136K, 0% used [0x00000007f2a00000,0x00000007f2a00000,0x0000000800000000)
 ParOldGen       total 505856K, used 419774K [0x0000000781c00000, 0x00000007a0a00000, 0x00000007d5e80000)
  object space 505856K, 82% used [0x0000000781c00000,0x000000079b5ef8d8,0x00000007a0a00000)
 PSPermGen       total 21504K, used 8308K [0x000000077ca00000, 0x000000077df00000, 0x0000000781c00000)
  object space 21504K, 38% used [0x000000077ca00000,0x000000077d21d268,0x000000077df00000)
Event: 8.896 GC heap after
Heap after GC invocations=25 (full 3):
 PSYoungGen      total 449024K, used 172016K [0x00000007d5e80000, 0x0000000800000000, 0x0000000800000000)
  eden space 229888K, 0% used [0x00000007d5e80000,0x00000007d5e80000,0x00000007e3f00000)
  from space 219136K, 78% used [0x00000007f2a00000,0x00000007fd1fc060,0x0000000800000000)
  to   space 229888K, 0% used [0x00000007e3f00000,0x00000007e3f00000,0x00000007f1f80000)
 ParOldGen       total 505856K, used 438526K [0x0000000781c00000, 0x00000007a0a00000, 0x00000007d5e80000)
  object space 505856K, 86% used [0x0000000781c00000,0x000000079c83f8f8,0x00000007a0a00000)
 PSPermGen       total 21504K, used 8308K [0x000000077ca00000, 0x000000077df00000, 0x0000000781c00000)
  object space 21504K, 38% used [0x000000077ca00000,0x000000077d21d268,0x000000077df00000)
}
Event: 9.053 GC heap before
{Heap before GC invocations=26 (full 3):
 PSYoungGen      total 449024K, used 401904K [0x00000007d5e80000, 0x0000000800000000, 0x0000000800000000)
  eden space 229888K, 100% used [0x00000007d5e80000,0x00000007e3f00000,0x00000007e3f00000)
  from space 219136K, 78% used [0x00000007f2a00000,0x00000007fd1fc060,0x0000000800000000)
  to   space 229888K, 0% used [0x00000007e3f00000,0x00000007e3f00000,0x00000007f1f80000)
 ParOldGen       total 505856K, used 438526K [0x0000000781c00000, 0x00000007a0a00000, 0x00000007d5e80000)
  object space 505856K, 86% used [0x0000000781c00000,0x000000079c83f8f8,0x00000007a0a00000)
 PSPermGen       total 21504K, used 8309K [0x000000077ca00000, 0x000000077df00000, 0x0000000781c00000)
  object space 21504K, 38% used [0x000000077ca00000,0x000000077d21d450,0x000000077df00000)
Event: 9.112 GC heap after
Heap after GC invocations=26 (full 3):
 PSYoungGen      total 459776K, used 195552K [0x00000007d5e80000, 0x0000000800000000, 0x0000000800000000)
  eden space 229888K, 0% used [0x00000007d5e80000,0x00000007d5e80000,0x00000007e3f00000)
  from space 229888K, 85% used [0x00000007e3f00000,0x00000007efdf8060,0x00000007f1f80000)
  to   space 229888K, 0% used [0x00000007f1f80000,0x00000007f1f80000,0x0000000800000000)
 ParOldGen       total 505856K, used 438526K [0x0000000781c00000, 0x00000007a0a00000, 0x00000007d5e80000)
  object space 505856K, 86% used [0x0000000781c00000,0x000000079c83f8f8,0x00000007a0a00000)
 PSPermGen       total 21504K, used 8309K [0x000000077ca00000, 0x000000077df00000, 0x0000000781c00000)
  object space 21504K, 38% used [0x000000077ca00000,0x000000077d21d450,0x000000077df00000)
}
Event: 9.266 GC heap before
{Heap before GC invocations=27 (full 3):
 PSYoungGen      total 459776K, used 425440K [0x00000007d5e80000, 0x0000000800000000, 0x0000000800000000)
  eden space 229888K, 100% used [0x00000007d5e80000,0x00000007e3f00000,0x00000007e3f00000)
  from space 229888K, 85% used [0x00000007e3f00000,0x00000007efdf8060,0x00000007f1f80000)
  to   space 229888K, 0% used [0x00000007f1f80000,0x00000007f1f80000,0x0000000800000000)
 ParOldGen       total 505856K, used 438526K [0x0000000781c00000, 0x00000007a0a00000, 0x00000007d5e80000)
  object space 505856K, 86% used [0x0000000781c00000,0x000000079c83f8f8,0x00000007a0a00000)
 PSPermGen       total 21504K, used 8309K [0x000000077ca00000, 0x000000077df00000, 0x0000000781c00000)
  object space 21504K, 38% used [0x000000077ca00000,0x000000077d21d758,0x000000077df00000)
Event: 9.338 GC heap after
Heap after GC invocations=27 (full 3):
 PSYoungGen      total 459776K, used 179664K [0x00000007d5e80000, 0x0000000800000000, 0x0000000800000000)
  eden space 229888K, 0% used [0x00000007d5e80000,0x00000007d5e80000,0x00000007e3f00000)
  from space 229888K, 78% used [0x00000007f1f80000,0x00000007fcef4090,0x0000000800000000)
  to   space 229888K, 0% used [0x00000007e3f00000,0x00000007e3f00000,0x00000007f1f80000)
 ParOldGen       total 505856K, used 478790K [0x0000000781c00000, 0x00000007a0a00000, 0x00000007d5e80000)
  object space 505856K, 94% used [0x0000000781c00000,0x000000079ef91988,0x00000007a0a00000)
 PSPermGen       total 21504K, used 8309K [0x000000077ca00000, 0x000000077df00000, 0x0000000781c00000)
  object space 21504K, 38% used [0x000000077ca00000,0x000000077d21d758,0x000000077df00000)
}
Event: 9.338 GC heap before
{Heap before GC invocations=28 (full 4):
 PSYoungGen      total 459776K, used 179664K [0x00000007d5e80000, 0x0000000800000000, 0x0000000800000000)
  eden space 229888K, 0% used [0x00000007d5e80000,0x00000007d5e80000,0x00000007e3f00000)
  from space 229888K, 78% used [0x00000007f1f80000,0x00000007fcef4090,0x0000000800000000)
  to   space 229888K, 0% used [0x00000007e3f00000,0x00000007e3f00000,0x00000007f1f80000)
 ParOldGen       total 505856K, used 478790K [0x0000000781c00000, 0x00000007a0a00000, 0x00000007d5e80000)
  object space 505856K, 94% used [0x0000000781c00000,0x000000079ef91988,0x00000007a0a00000)
 PSPermGen       total 21504K, used 8309K [0x000000077ca00000, 0x000000077df00000, 0x0000000781c00000)
  object space 21504K, 38% used [0x000000077ca00000,0x000000077d21d758,0x000000077df00000)
Event: 11.608 GC heap after
Heap after GC invocations=28 (full 4):
 PSYoungGen      total 459776K, used 150948K [0x00000007d5e80000, 0x0000000800000000, 0x0000000800000000)
  eden space 229888K, 0% used [0x00000007d5e80000,0x00000007d5e80000,0x00000007e3f00000)
  from space 229888K, 65% used [0x00000007f1f80000,0x00000007fb2e9368,0x0000000800000000)
  to   space 229888K, 0% used [0x00000007e3f00000,0x00000007e3f00000,0x00000007f1f80000)
 ParOldGen       total 744448K, used 505415K [0x0000000781c00000, 0x00000007af300000, 0x00000007d5e80000)
  object space 744448K, 67% used [0x0000000781c00000,0x00000007a0991fc0,0x00000007af300000)
 PSPermGen       total 21504K, used 8309K [0x000000077ca00000, 0x000000077df00000, 0x0000000781c00000)
  object space 21504K, 38% used [0x000000077ca00000,0x000000077d21d698,0x000000077df00000)
}
Event: 19.827 GC heap before
{Heap before GC invocations=29 (full 4):
 PSYoungGen      total 459776K, used 380836K [0x00000007d5e80000, 0x0000000800000000, 0x0000000800000000)
  eden space 229888K, 100% used [0x00000007d5e80000,0x00000007e3f00000,0x00000007e3f00000)
  from space 229888K, 65% used [0x00000007f1f80000,0x00000007fb2e9368,0x0000000800000000)
  to   space 229888K, 0% used [0x00000007e3f00000,0x00000007e3f00000,0x00000007f1f80000)
 ParOldGen       total 744448K, used 505415K [0x0000000781c00000, 0x00000007af300000, 0x00000007d5e80000)
  object space 744448K, 67% used [0x0000000781c00000,0x00000007a0991fc0,0x00000007af300000)
 PSPermGen       total 21504K, used 9380K [0x000000077ca00000, 0x000000077df00000, 0x0000000781c00000)
  object space 21504K, 43% used [0x000000077ca00000,0x000000077d3291f8,0x000000077df00000)
Event: 19.922 GC heap after
Heap after GC invocations=29 (full 4):
 PSYoungGen      total 459776K, used 134378K [0x00000007d5e80000, 0x0000000800000000, 0x0000000800000000)
  eden space 229888K, 0% used [0x00000007d5e80000,0x00000007d5e80000,0x00000007e3f00000)
  from space 229888K, 58% used [0x00000007e3f00000,0x00000007ec23aba8,0x00000007f1f80000)
  to   space 229888K, 0% used [0x00000007f1f80000,0x00000007f1f80000,0x0000000800000000)
 ParOldGen       total 744448K, used 544720K [0x0000000781c00000, 0x00000007af300000, 0x00000007d5e80000)
  object space 744448K, 73% used [0x0000000781c00000,0x00000007a2ff4060,0x00000007af300000)
 PSPermGen       total 21504K, used 9380K [0x000000077ca00000, 0x000000077df00000, 0x0000000781c00000)
  object space 21504K, 43% used [0x000000077ca00000,0x000000077d3291f8,0x000000077df00000)
}

