# JRE version: Java(TM) SE Runtime Environment (7.0_79-b15) (build 1.7.0_79-b15)
# Java VM: Java HotSpot(TM) 64-Bit Server VM (24.79-b02 mixed mode windows-amd64 compressed oops)
Heap
 PSYoungGen      total 460288K, used 352959K [0x00000007d5e80000, 0x0000000800000000, 0x0000000800000000)
  eden space 232960K, 88% used [0x00000007d5e80000,0x00000007e26d5510,0x00000007e4200000)
  from space 227328K, 65% used [0x00000007f1d00000,0x00000007fad5aa50,0x00000007ffb00000)
  to   space 224256K, 0% used [0x00000007e4200000,0x00000007e4200000,0x00000007f1d00000)
 ParOldGen       total 763392K, used 524431K [0x0000000781c00000, 0x00000007b0580000, 0x00000007d5e80000)
  object space 763392K, 68% used [0x0000000781c00000,0x00000007a1c23d00,0x00000007b0580000)
 PSPermGen       total 21504K, used 10062K [0x000000077ca00000, 0x000000077df00000, 0x0000000781c00000)
  object space 21504K, 46% used [0x000000077ca00000,0x000000077d3d3a48,0x000000077df00000)
GC Heap History (10 events):
Event: 10.101 GC heap before
{Heap before GC invocations=26 (full 3):
 PSYoungGen      total 459776K, used 374464K [0x00000007d5e80000, 0x0000000800000000, 0x0000000800000000)
  eden space 229888K, 100% used [0x00000007d5e80000,0x00000007e3f00000,0x00000007e3f00000)
  from space 229888K, 62% used [0x00000007f1f80000,0x00000007facb0080,0x0000000800000000)
  to   space 229888K, 0% used [0x00000007e3f00000,0x00000007e3f00000,0x00000007f1f80000)
 ParOldGen       total 498176K, used 432146K [0x0000000781c00000, 0x00000007a0280000, 0x00000007d5e80000)
  object space 498176K, 86% used [0x0000000781c00000,0x000000079c2049b0,0x00000007a0280000)
 PSPermGen       total 21504K, used 8264K [0x000000077ca00000, 0x000000077df00000, 0x0000000781c00000)
  object space 21504K, 38% used [0x000000077ca00000,0x000000077d212228,0x000000077df00000)
Event: 10.153 GC heap after
Heap after GC invocations=26 (full 3):
 PSYoungGen      total 459776K, used 169200K [0x00000007d5e80000, 0x0000000800000000, 0x0000000800000000)
  eden space 229888K, 0% used [0x00000007d5e80000,0x00000007d5e80000,0x00000007e3f00000)
  from space 229888K, 73% used [0x00000007e3f00000,0x00000007ee43c070,0x00000007f1f80000)
  to   space 229888K, 0% used [0x00000007f1f80000,0x00000007f1f80000,0x0000000800000000)
 ParOldGen       total 498176K, used 432146K [0x0000000781c00000, 0x00000007a0280000, 0x00000007d5e80000)
  object space 498176K, 86% used [0x0000000781c00000,0x000000079c2049b0,0x00000007a0280000)
 PSPermGen       total 21504K, used 8264K [0x000000077ca00000, 0x000000077df00000, 0x0000000781c00000)
  object space 21504K, 38% used [0x000000077ca00000,0x000000077d212228,0x000000077df00000)
}
Event: 10.407 GC heap before
{Heap before GC invocations=27 (full 3):
 PSYoungGen      total 459776K, used 399088K [0x00000007d5e80000, 0x0000000800000000, 0x0000000800000000)
  eden space 229888K, 100% used [0x00000007d5e80000,0x00000007e3f00000,0x00000007e3f00000)
  from space 229888K, 73% used [0x00000007e3f00000,0x00000007ee43c070,0x00000007f1f80000)
  to   space 229888K, 0% used [0x00000007f1f80000,0x00000007f1f80000,0x0000000800000000)
 ParOldGen       total 498176K, used 432146K [0x0000000781c00000, 0x00000007a0280000, 0x00000007d5e80000)
  object space 498176K, 86% used [0x0000000781c00000,0x000000079c2049b0,0x00000007a0280000)
 PSPermGen       total 21504K, used 8265K [0x000000077ca00000, 0x000000077df00000, 0x0000000781c00000)
  object space 21504K, 38% used [0x000000077ca00000,0x000000077d212470,0x000000077df00000)
Event: 10.468 GC heap after
Heap after GC invocations=27 (full 3):
 PSYoungGen      total 459776K, used 157264K [0x00000007d5e80000, 0x0000000800000000, 0x0000000800000000)
  eden space 229888K, 0% used [0x00000007d5e80000,0x00000007d5e80000,0x00000007e3f00000)
  from space 229888K, 68% used [0x00000007f1f80000,0x00000007fb914070,0x0000000800000000)
  to   space 229888K, 0% used [0x00000007e3f00000,0x00000007e3f00000,0x00000007f1f80000)
 ParOldGen       total 498176K, used 467798K [0x0000000781c00000, 0x00000007a0280000, 0x00000007d5e80000)
  object space 498176K, 93% used [0x0000000781c00000,0x000000079e4d5a30,0x00000007a0280000)
 PSPermGen       total 21504K, used 8265K [0x000000077ca00000, 0x000000077df00000, 0x0000000781c00000)
  object space 21504K, 38% used [0x000000077ca00000,0x000000077d212470,0x000000077df00000)
}
Event: 10.468 GC heap before
{Heap before GC invocations=28 (full 4):
 PSYoungGen      total 459776K, used 157264K [0x00000007d5e80000, 0x0000000800000000, 0x0000000800000000)
  eden space 229888K, 0% used [0x00000007d5e80000,0x00000007d5e80000,0x00000007e3f00000)
  from space 229888K, 68% used [0x00000007f1f80000,0x00000007fb914070,0x0000000800000000)
  to   space 229888K, 0% used [0x00000007e3f00000,0x00000007e3f00000,0x00000007f1f80000)
 ParOldGen       total 498176K, used 467798K [0x0000000781c00000, 0x00000007a0280000, 0x00000007d5e80000)
  object space 498176K, 93% used [0x0000000781c00000,0x000000079e4d5a30,0x00000007a0280000)
 PSPermGen       total 21504K, used 8265K [0x000000077ca00000, 0x000000077df00000, 0x0000000781c00000)
  object space 21504K, 38% used [0x000000077ca00000,0x000000077d212470,0x000000077df00000)
Event: 12.639 GC heap after
Heap after GC invocations=28 (full 4):
 PSYoungGen      total 459776K, used 125052K [0x00000007d5e80000, 0x0000000800000000, 0x0000000800000000)
  eden space 229888K, 0% used [0x00000007d5e80000,0x00000007d5e80000,0x00000007e3f00000)
  from space 229888K, 54% used [0x00000007f1f80000,0x00000007f999f1c8,0x0000000800000000)
  to   space 229888K, 0% used [0x00000007e3f00000,0x00000007e3f00000,0x00000007f1f80000)
 ParOldGen       total 763392K, used 498143K [0x0000000781c00000, 0x00000007b0580000, 0x00000007d5e80000)
  object space 763392K, 65% used [0x0000000781c00000,0x00000007a0277cd0,0x00000007b0580000)
 PSPermGen       total 21504K, used 8264K [0x000000077ca00000, 0x000000077df00000, 0x0000000781c00000)
  object space 21504K, 38% used [0x000000077ca00000,0x000000077d212310,0x000000077df00000)
}
Event: 12.865 GC heap before
{Heap before GC invocations=29 (full 4):
 PSYoungGen      total 459776K, used 354940K [0x00000007d5e80000, 0x0000000800000000, 0x0000000800000000)
  eden space 229888K, 100% used [0x00000007d5e80000,0x00000007e3f00000,0x00000007e3f00000)
  from space 229888K, 54% used [0x00000007f1f80000,0x00000007f999f1c8,0x0000000800000000)
  to   space 229888K, 0% used [0x00000007e3f00000,0x00000007e3f00000,0x00000007f1f80000)
 ParOldGen       total 763392K, used 498143K [0x0000000781c00000, 0x00000007b0580000, 0x00000007d5e80000)
  object space 763392K, 65% used [0x0000000781c00000,0x00000007a0277cd0,0x00000007b0580000)
 PSPermGen       total 21504K, used 8264K [0x000000077ca00000, 0x000000077df00000, 0x0000000781c00000)
  object space 21504K, 38% used [0x000000077ca00000,0x000000077d2123b8,0x000000077df00000)
Event: 12.948 GC heap after
Heap after GC invocations=29 (full 4):
 PSYoungGen      total 353792K, used 123744K [0x00000007d5e80000, 0x00000007ffb00000, 0x0000000800000000)
  eden space 229888K, 0% used [0x00000007d5e80000,0x00000007d5e80000,0x00000007e3f00000)
  from space 123904K, 99% used [0x00000007e3f00000,0x00000007eb7d8030,0x00000007eb800000)
  to   space 227328K, 0% used [0x00000007f1d00000,0x00000007f1d00000,0x00000007ffb00000)
 ParOldGen       total 763392K, used 524431K [0x0000000781c00000, 0x00000007b0580000, 0x00000007d5e80000)
  object space 763392K, 68% used [0x0000000781c00000,0x00000007a1c23d00,0x00000007b0580000)
 PSPermGen       total 21504K, used 8264K [0x000000077ca00000, 0x000000077df00000, 0x0000000781c00000)
  object space 21504K, 38% used [0x000000077ca00000,0x000000077d2123b8,0x000000077df00000)
}
Event: 34.452 GC heap before
{Heap before GC invocations=30 (full 4):
 PSYoungGen      total 353792K, used 353632K [0x00000007d5e80000, 0x00000007ffb00000, 0x0000000800000000)
  eden space 229888K, 100% used [0x00000007d5e80000,0x00000007e3f00000,0x00000007e3f00000)
  from space 123904K, 99% used [0x00000007e3f00000,0x00000007eb7d8030,0x00000007eb800000)
  to   space 227328K, 0% used [0x00000007f1d00000,0x00000007f1d00000,0x00000007ffb00000)
 ParOldGen       total 763392K, used 524431K [0x0000000781c00000, 0x00000007b0580000, 0x00000007d5e80000)
  object space 763392K, 68% used [0x0000000781c00000,0x00000007a1c23d00,0x00000007b0580000)
 PSPermGen       total 21504K, used 9250K [0x000000077ca00000, 0x000000077df00000, 0x0000000781c00000)
  object space 21504K, 43% used [0x000000077ca00000,0x000000077d308bc8,0x000000077df00000)
Event: 34.501 GC heap after
Heap after GC invocations=30 (full 4):
 PSYoungGen      total 460288K, used 147818K [0x00000007d5e80000, 0x0000000800000000, 0x0000000800000000)
  eden space 232960K, 0% used [0x00000007d5e80000,0x00000007d5e80000,0x00000007e4200000)
  from space 227328K, 65% used [0x00000007f1d00000,0x00000007fad5aa50,0x00000007ffb00000)
  to   space 224256K, 0% used [0x00000007e4200000,0x00000007e4200000,0x00000007f1d00000)
 ParOldGen       total 763392K, used 524431K [0x0000000781c00000, 0x00000007b0580000, 0x00000007d5e80000)
  object space 763392K, 68% used [0x0000000781c00000,0x00000007a1c23d00,0x00000007b0580000)
 PSPermGen       total 21504K, used 9250K [0x000000077ca00000, 0x000000077df00000, 0x0000000781c00000)
  object space 21504K, 43% used [0x000000077ca00000,0x000000077d308bc8,0x000000077df00000)
}

